c:\projects\projectjarvis\bin\tools\compiler\debug\x64\vc143.pdb
c:\projects\projectjarvis\bin\tools\compiler\debug\x64\vc143.idb
c:\projects\projectjarvis\bin\tools\compiler\debug\x64\symbol.obj
c:\projects\projectjarvis\bin\tools\compiler\debug\x64\lex.yy.obj
c:\projects\projectjarvis\bin\tools\compiler\debug\x64\compiler.obj
c:\projects\projectjarvis\bin\tools\compiler\debug\x64\c.tab.obj
c:\projects\projectjarvis\bin\tools\compiler\debug\x64\arg_utils.obj
c:\projects\projectjarvis\bin\tools\compiler\debug\x64\arg_str.obj
c:\projects\projectjarvis\bin\tools\compiler\debug\x64\arg_rex.obj
c:\projects\projectjarvis\bin\tools\compiler\debug\x64\arg_rem.obj
c:\projects\projectjarvis\bin\tools\compiler\debug\x64\arg_lit.obj
c:\projects\projectjarvis\bin\tools\compiler\debug\x64\arg_int.obj
c:\projects\projectjarvis\bin\tools\compiler\debug\x64\arg_hashtable.obj
c:\projects\projectjarvis\bin\tools\compiler\debug\x64\arg_getopt_long.obj
c:\projects\projectjarvis\bin\tools\compiler\debug\x64\arg_file.obj
c:\projects\projectjarvis\bin\tools\compiler\debug\x64\arg_end.obj
c:\projects\projectjarvis\bin\tools\compiler\debug\x64\arg_dstr.obj
c:\projects\projectjarvis\bin\tools\compiler\debug\x64\arg_dbl.obj
c:\projects\projectjarvis\bin\tools\compiler\debug\x64\arg_date.obj
c:\projects\projectjarvis\bin\tools\compiler\debug\x64\arg_cmd.obj
c:\projects\projectjarvis\bin\tools\compiler\debug\x64\argtable3.obj
c:\projects\projectjarvis\bin\tools\compiler\debug\x64\compiler.exe
c:\projects\projectjarvis\bin\tools\compiler\debug\x64\compiler.pdb
c:\projects\projectjarvis\bin\tools\compiler\debug\x64\compiler.ilk
c:\projects\projectjarvis\bin\tools\compiler\debug\x64\compiler.tlog\cl.command.1.tlog
c:\projects\projectjarvis\bin\tools\compiler\debug\x64\compiler.tlog\cl.items.tlog
c:\projects\projectjarvis\bin\tools\compiler\debug\x64\compiler.tlog\cl.read.1.tlog
c:\projects\projectjarvis\bin\tools\compiler\debug\x64\compiler.tlog\cl.write.1.tlog
c:\projects\projectjarvis\bin\tools\compiler\debug\x64\compiler.tlog\link.command.1.tlog
c:\projects\projectjarvis\bin\tools\compiler\debug\x64\compiler.tlog\link.read.1.tlog
c:\projects\projectjarvis\bin\tools\compiler\debug\x64\compiler.tlog\link.secondary.1.tlog
c:\projects\projectjarvis\bin\tools\compiler\debug\x64\compiler.tlog\link.write.1.tlog
