c:\projects\projectjarvis\bin\tools\arguments\debug\win32\arguments.pdb
c:\projects\projectjarvis\bin\tools\arguments\debug\win32\arguments.idb
c:\projects\projectjarvis\bin\tools\arguments\debug\win32\pch.obj
c:\projects\projectjarvis\bin\tools\arguments\debug\win32\arg_utils.obj
c:\projects\projectjarvis\bin\tools\arguments\debug\win32\arg_str.obj
c:\projects\projectjarvis\bin\tools\arguments\debug\win32\arg_rex.obj
c:\projects\projectjarvis\bin\tools\arguments\debug\win32\arg_rem.obj
c:\projects\projectjarvis\bin\tools\arguments\debug\win32\arg_lit.obj
c:\projects\projectjarvis\bin\tools\arguments\debug\win32\arg_int.obj
c:\projects\projectjarvis\bin\tools\arguments\debug\win32\arg_hashtable.obj
c:\projects\projectjarvis\bin\tools\arguments\debug\win32\arg_getopt_long.obj
c:\projects\projectjarvis\bin\tools\arguments\debug\win32\arg_file.obj
c:\projects\projectjarvis\bin\tools\arguments\debug\win32\arg_end.obj
c:\projects\projectjarvis\bin\tools\arguments\debug\win32\arg_dstr.obj
c:\projects\projectjarvis\bin\tools\arguments\debug\win32\arg_dbl.obj
c:\projects\projectjarvis\bin\tools\arguments\debug\win32\arg_date.obj
c:\projects\projectjarvis\bin\tools\arguments\debug\win32\arg_cmd.obj
c:\projects\projectjarvis\bin\tools\arguments\debug\win32\argtable3.obj
c:\projects\projectjarvis\bin\tools\arguments\debug\win32\arguments.lib
c:\projects\projectjarvis\bin\tools\arguments\debug\win32\arguments.tlog\cl.command.1.tlog
c:\projects\projectjarvis\bin\tools\arguments\debug\win32\arguments.tlog\cl.items.tlog
c:\projects\projectjarvis\bin\tools\arguments\debug\win32\arguments.tlog\cl.read.1.tlog
c:\projects\projectjarvis\bin\tools\arguments\debug\win32\arguments.tlog\cl.write.1.tlog
c:\projects\projectjarvis\bin\tools\arguments\debug\win32\arguments.tlog\lib-link.read.1.tlog
c:\projects\projectjarvis\bin\tools\arguments\debug\win32\arguments.tlog\lib-link.write.1.tlog
c:\projects\projectjarvis\bin\tools\arguments\debug\win32\arguments.tlog\lib.command.1.tlog
